[debug] [2026-01-20T12:17:12.932Z] ----------------------------------------------------------------------
[debug] [2026-01-20T12:17:12.936Z] Command:       C:\Program Files\nodejs\node.exe C:\Users\harsh\AppData\Roaming\npm\node_modules\firebase-tools\lib\bin\firebase.js init
[debug] [2026-01-20T12:17:12.937Z] CLI Version:   15.3.1
[debug] [2026-01-20T12:17:12.937Z] Platform:      win32
[debug] [2026-01-20T12:17:12.937Z] Node Version:  v24.13.0
[debug] [2026-01-20T12:17:12.938Z] Time:          Tue Jan 20 2026 17:47:12 GMT+0530 (India Standard Time)
[debug] [2026-01-20T12:17:12.938Z] ----------------------------------------------------------------------
[debug] 
[info] 
     ######## #### ########  ######## ########     ###     ######  ########
     ##        ##  ##     ## ##       ##     ##  ##   ##  ##       ##
     ######    ##  ########  ######   ########  #########  ######  ######
     ##        ##  ##    ##  ##       ##     ## ##     ##       ## ##
     ##       #### ##     ## ######## ########  ##     ##  ######  ########

You're about to initialize a Firebase project in this directory:

  C:\Users\harsh\OneDrive\Documents\wanted

[info] 
=== Project Setup
[info] 
[info] First, let's associate this project directory with a Firebase project.
[info] You can create multiple project aliases by running firebase use --add, 
[info] 
[debug] [2026-01-20T12:21:09.037Z] > command requires scopes: ["email","openid","https://www.googleapis.com/auth/cloudplatformprojects.readonly","https://www.googleapis.com/auth/firebase","https://www.googleapis.com/auth/cloud-platform"]
[debug] [2026-01-20T12:21:09.038Z] > authorizing via signed-in user (harshithakalpamangalam@gmail.com)
[debug] [2026-01-20T12:21:09.040Z] Checked if tokens are valid: true, expires at: 1768914073684
[debug] [2026-01-20T12:21:09.040Z] Checked if tokens are valid: true, expires at: 1768914073684
[debug] [2026-01-20T12:21:09.041Z] >>> [apiv2][query] GET https://firebase.googleapis.com/v1beta1/projects pageSize=100
[debug] [2026-01-20T12:21:10.284Z] <<< [apiv2][status] GET https://firebase.googleapis.com/v1beta1/projects 200
[debug] [2026-01-20T12:21:10.284Z] <<< [apiv2][body] GET https://firebase.googleapis.com/v1beta1/projects [omitted]
[info] 
=== Hosting Setup
[debug] [2026-01-20T12:21:13.870Z] Checked if tokens are valid: true, expires at: 1768914073684
[debug] [2026-01-20T12:21:13.870Z] Checked if tokens are valid: true, expires at: 1768914073684
[debug] [2026-01-20T12:21:13.870Z] >>> [apiv2][query] GET https://firebase.googleapis.com/v1beta1/projects/wanted-47c1a [none]
[debug] [2026-01-20T12:21:14.378Z] <<< [apiv2][status] GET https://firebase.googleapis.com/v1beta1/projects/wanted-47c1a 200
[debug] [2026-01-20T12:21:14.378Z] <<< [apiv2][body] GET https://firebase.googleapis.com/v1beta1/projects/wanted-47c1a {"projectId":"wanted-47c1a","projectNumber":"256840689567","displayName":"wanted","name":"projects/wanted-47c1a","resources":{"hostingSite":"wanted-47c1a"},"state":"ACTIVE","etag":"1_44dd0800-748e-4202-a8f1-2c190658388c"}
[info] 
[info] Your public directory is the folder (relative to your project directory) that
[info] will contain Hosting assets to be uploaded with firebase deploy. If you
[info] have a build process for your assets, use your build's output directory.
[info] 
[info] 
[info] i  Didn't detect a .git folder. Assuming C:\Users\harsh\OneDrive\Documents\wanted is the project root. 
[info] i  Authorizing with GitHub to upload your service account to a GitHub repository's secrets store. 
[info] 
[info] Visit this URL on this device to log in:
[info] https://github.com/login/oauth/authorize?client_id=89cf50f02ac6aaed3484&state=859245074&redirect_uri=http%3A%2F%2Flocalhost%3A9005&scope=read%3Auser%20repo%20public_repo
[info] 
[info] Waiting for authentication...
[debug] [2026-01-20T12:22:17.222Z] >>> [apiv2][query] POST https://github.com/login/oauth/access_token [none]
[debug] [2026-01-20T12:22:17.223Z] >>> [apiv2][body] POST https://github.com/login/oauth/access_token [stream]
[debug] [2026-01-20T12:22:18.096Z] <<< [apiv2][status] POST https://github.com/login/oauth/access_token 200
[debug] [2026-01-20T12:22:18.097Z] <<< [apiv2][body] POST https://github.com/login/oauth/access_token {"access_token":"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","token_type":"bearer","scope":"read:user,repo"}
[debug] [2026-01-20T12:22:18.102Z] >>> [apiv2][query] GET https://api.github.com/user [none]
[debug] [2026-01-20T12:22:19.094Z] <<< [apiv2][status] GET https://api.github.com/user 200
[debug] [2026-01-20T12:22:19.094Z] <<< [apiv2][body] GET https://api.github.com/user {"login":"Harshitha-K05","id":255934381,"node_id":"U_kgDOD0E_rQ","avatar_url":"https://avatars.githubusercontent.com/u/255934381?v=4","gravatar_id":"","url":"https://api.github.com/users/Harshitha-K05","html_url":"https://github.com/Harshitha-K05","followers_url":"https://api.github.com/users/Harshitha-K05/followers","following_url":"https://api.github.com/users/Harshitha-K05/following{/other_user}","gists_url":"https://api.github.com/users/Harshitha-K05/gists{/gist_id}","starred_url":"https://api.github.com/users/Harshitha-K05/starred{/owner}{/repo}","subscriptions_url":"https://api.github.com/users/Harshitha-K05/subscriptions","organizations_url":"https://api.github.com/users/Harshitha-K05/orgs","repos_url":"https://api.github.com/users/Harshitha-K05/repos","events_url":"https://api.github.com/users/Harshitha-K05/events{/privacy}","received_events_url":"https://api.github.com/users/Harshitha-K05/received_events","type":"User","user_view_type":"private","site_admin":false,"name":null,"company":null,"blog":"","location":null,"email":null,"hireable":null,"bio":null,"twitter_username":null,"notification_email":null,"public_repos":0,"public_gists":0,"followers":0,"following":0,"created_at":"2026-01-19T17:17:46Z","updated_at":"2026-01-19T17:17:46Z","private_gists":0,"total_private_repos":0,"owned_private_repos":0,"disk_usage":0,"collaborators":0,"two_factor_authentication":false,"plan":{"name":"free","space":976562499,"collaborators":0,"private_repos":10000}}
[info] 
[info] +  Success! Logged into GitHub as Harshitha-K05 
[info] 
